<?xml version="1.0" encoding="UTF-8"?>
<testsuite xmlns:xsi="http://www.w3.org/2001/XMLSchema-instance" xsi:noNamespaceSchemaLocation="https://maven.apache.org/surefire/maven-surefire-plugin/xsd/surefire-test-report.xsd" name="TestSuite" time="31.379" tests="2" errors="0" skipped="0" failures="1">
  <properties>
[...]
</properties>
  <testcase name="homePageTest" classname="HomePage.HomePageTest" time="0.675"/>
  <testcase name="loginPageTest" classname="LoginPage.LoginPageTest" time="0.877">
    <failure message="login failed testjava.lang.AssertionError: expected [false] but found [true]" type="java.lang.AssertionError">java.lang.AssertionError: login failed testjava.lang.AssertionError: expected [false] but found [true]
	at LoginPage.LoginPageTest.loginPageTest(LoginPageTest.java:34)
</failure>
    <system-out><![CDATA[*** Running test method loginPageTest...
]]></system-out>
    <system-err><![CDATA[1697341162677	Marionette	INFO	Stopped listening on port 63200
Dynamically enable window occlusion 1
1697341166619	geckodriver	INFO	Listening on 127.0.0.1:39660
1697341166673	mozrunner::runner	INFO	Running command: "C:\\Program Files\\Mozilla Firefox\\firefox.exe" "--marionette" "-foreground" "-no-remote" "-profile" "C:\\Users\\28366\\AppData\\Local\\Temp\\rust_mozprofileG2E9Rj"
console.warn: services.settings: Ignoring preference override of remote settings server
console.warn: services.settings: Allow by setting MOZ_REMOTE_SETTINGS_DEVTOOLS=1 in the environment
1697341167802	Marionette	INFO	Marionette enabled
Dynamically enable window occlusion 0
console.error: "Warning: unrecognized command line flag" "-foreground"
1697341169383	Marionette	INFO	Listening on port 63256
1697341169848	RemoteAgent	WARN	TLS certificate errors will be ignored for this session
Oct 15, 2023 11:39:34 AM org.openqa.selenium.remote.ProtocolHandshake createSession
INFO: Detected dialect: W3C
]]></system-err>
  </testcase>
</testsuite>