-------------------------------------------------------------------------------
Test set: TestSuite
-------------------------------------------------------------------------------
Tests run: 2, Failures: 1, Errors: 0, Skipped: 0, Time elapsed: 31.379 s <<< FAILURE! - in TestSuite
loginPageTest(LoginPage.LoginPageTest)  Time elapsed: 0.877 s  <<< FAILURE!
java.lang.AssertionError: login failed testjava.lang.AssertionError: expected [false] but found [true]
	at LoginPage.LoginPageTest.loginPageTest(LoginPageTest.java:34)

