<?xml version="1.0" encoding="UTF-8"?>
<!-- Generated by org.testng.reporters.JUnitXMLReporter -->
<testsuite ignored="0" hostname="Peter" failures="1" tests="2" name="SmokeTest" time="29.365" errors="0" timestamp="15 Oct 2023 03:39:42 GMT">
  <testcase classname="HomePage.HomePageTest" name="homePageTest" time="0.677"/>
  <testcase classname="LoginPage.LoginPageTest" name="loginPageTest" time="0.858">
    <failure type="java.lang.AssertionError" message="login failed testjava.lang.AssertionError: expected [false] but found [true]">
      <![CDATA[java.lang.AssertionError: login failed testjava.lang.AssertionError: expected [false] but found [true]
at LoginPage.LoginPageTest.loginPageTest(LoginPageTest.java:34)
... Removed 30 stack frames]]>
    </failure>
  </testcase> <!-- loginPageTest -->
</testsuite> <!-- SmokeTest -->
